
Collecting usage statistics. To deactivate, set browser.gatherUsageStats to False.


  You can now view your Streamlit app in your browser.

  Network URL: http://172.28.0.12:80
  External URL: http://34.68.252.10:80

 * Serving Flask app 'app'
 * Debug mode: off
2023-04-08 01:47:26.270 [31m[1mWARNING: This is a development server. Do not use it in a production deployment. Use a production WSGI server instead.[0m
 * Running on all addresses (0.0.0.0)
 * Running on http://127.0.0.1:5000
 * Running on http://172.28.0.12:5000
2023-04-08 01:47:26.270 [33mPress CTRL+C to quit[0m
 * Serving Flask app 'app'
 * Debug mode: off
Address already in use
Port 5000 is in use by another program. Either identify and stop that program, or start the server with a different port.

Collecting usage statistics. To deactivate, set browser.gatherUsageStats to False.

Usage: streamlit run [OPTIONS] TARGET [ARGS]...
Try 'streamlit run --help' for help.

Error: Invalid value: File does not exist: video_streamer.py

  You can now view your Streamlit app in your browser.

  Network URL: http://172.28.0.12:80
  External URL: http://34.29.212.175:80


Collecting usage statistics. To deactivate, set browser.gatherUsageStats to False.

2023-04-08 02:01:30.479 Port 80 is already in use
Usage: streamlit run [OPTIONS] TARGET [ARGS]...
Try 'streamlit run --help' for help.

Error: Invalid value: File does not exist: video_streamer.py
 * Serving Flask app 'app'
 * Debug mode: off
2023-04-08 02:01:43.301 [31m[1mWARNING: This is a development server. Do not use it in a production deployment. Use a production WSGI server instead.[0m
 * Running on all addresses (0.0.0.0)
 * Running on http://127.0.0.1:5000
 * Running on http://172.28.0.12:5000
2023-04-08 02:01:43.301 [33mPress CTRL+C to quit[0m

Collecting usage statistics. To deactivate, set browser.gatherUsageStats to False.

2023-04-08 02:06:38.460 Port 80 is already in use
Usage: streamlit run [OPTIONS] TARGET [ARGS]...
Try 'streamlit run --help' for help.

Error: Invalid value: File does not exist: video_streamer.py

Collecting usage statistics. To deactivate, set browser.gatherUsageStats to False.

2023-04-08 02:06:50.795 Port 80 is already in use
Usage: streamlit run [OPTIONS] TARGET [ARGS]...
Try 'streamlit run --help' for help.

Error: Invalid value: File does not exist: video_streamer.py
Usage: streamlit run [OPTIONS] TARGET [ARGS]...
Try 'streamlit run --help' for help.

Error: Invalid value: File does not exist: video_streamer.py

Collecting usage statistics. To deactivate, set browser.gatherUsageStats to False.

2023-04-08 02:09:10.180 Port 80 is already in use

Collecting usage statistics. To deactivate, set browser.gatherUsageStats to False.

2023-04-08 02:10:59.039 Port 80 is already in use
Usage: streamlit run [OPTIONS] TARGET [ARGS]...
Try 'streamlit run --help' for help.

Error: Invalid value: File does not exist: video_streamer.py

Collecting usage statistics. To deactivate, set browser.gatherUsageStats to False.

2023-04-08 02:46:53.667 Port 80 is already in use
Usage: streamlit run [OPTIONS] TARGET [ARGS]...
Try 'streamlit run --help' for help.

Error: Invalid value: File does not exist: video_streamer.py

Collecting usage statistics. To deactivate, set browser.gatherUsageStats to False.

2023-04-08 02:50:03.353 Port 80 is already in use
Usage: streamlit run [OPTIONS] TARGET [ARGS]...
Try 'streamlit run --help' for help.

Error: Invalid value: File does not exist: video_streamer.py

Collecting usage statistics. To deactivate, set browser.gatherUsageStats to False.

Usage: streamlit run [OPTIONS] TARGET [ARGS]...
Try 'streamlit run --help' for help.

Error: Invalid value: File does not exist: video_streamer.py

  You can now view your Streamlit app in your browser.

  Network URL: http://172.28.0.12:80
  External URL: http://35.204.56.38:80


Collecting usage statistics. To deactivate, set browser.gatherUsageStats to False.

2023-04-08 02:56:44.489 Port 80 is already in use
Usage: streamlit run [OPTIONS] TARGET [ARGS]...
Try 'streamlit run --help' for help.

Error: Invalid value: File does not exist: video_streamer.py

Collecting usage statistics. To deactivate, set browser.gatherUsageStats to False.

2023-04-08 02:58:14.313 Port 80 is already in use
Usage: streamlit run [OPTIONS] TARGET [ARGS]...
Try 'streamlit run --help' for help.

Error: Invalid value: File does not exist: video_streamer.py

Collecting usage statistics. To deactivate, set browser.gatherUsageStats to False.

2023-04-08 02:59:22.069 Port 80 is already in use
Usage: streamlit run [OPTIONS] TARGET [ARGS]...
Try 'streamlit run --help' for help.

Error: Invalid value: File does not exist: video_streamer.py

Collecting usage statistics. To deactivate, set browser.gatherUsageStats to False.

2023-04-08 03:06:07.281 Port 80 is already in use
Usage: streamlit run [OPTIONS] TARGET [ARGS]...
Try 'streamlit run --help' for help.

Error: Invalid value: File does not exist: video_streamer.py

Collecting usage statistics. To deactivate, set browser.gatherUsageStats to False.

2023-04-08 03:06:34.410 Port 8080 is already in use
 * Serving Flask app 'app'
 * Debug mode: off
2023-04-08 03:06:47.934 [31m[1mWARNING: This is a development server. Do not use it in a production deployment. Use a production WSGI server instead.[0m
 * Running on all addresses (0.0.0.0)
 * Running on http://127.0.0.1:5000
 * Running on http://172.28.0.12:5000
2023-04-08 03:06:47.934 [33mPress CTRL+C to quit[0m
Usage: streamlit run [OPTIONS] TARGET [ARGS]...
Try 'streamlit run --help' for help.

Error: Invalid value: File does not exist: video_streamer.py

Collecting usage statistics. To deactivate, set browser.gatherUsageStats to False.

2023-04-08 03:07:05.548 Port 8080 is already in use
Usage: streamlit run [OPTIONS] TARGET [ARGS]...
Try 'streamlit run --help' for help.

Error: Invalid value: File does not exist: video_streamer.py

Collecting usage statistics. To deactivate, set browser.gatherUsageStats to False.

2023-04-08 03:07:32.667 Port 8080 is already in use

Collecting usage statistics. To deactivate, set browser.gatherUsageStats to False.

2023-04-08 03:07:49.192 Port 80 is already in use

Collecting usage statistics. To deactivate, set browser.gatherUsageStats to False.

2023-04-08 03:08:05.007 Port 80 is already in use

Collecting usage statistics. To deactivate, set browser.gatherUsageStats to False.

2023-04-08 03:09:02.365 Port 8080 is already in use

Collecting usage statistics. To deactivate, set browser.gatherUsageStats to False.

2023-04-08 03:09:27.599 Port 80 is already in use

Collecting usage statistics. To deactivate, set browser.gatherUsageStats to False.

2023-04-08 03:12:20.707 Port 5000 is already in use
  Stopping...

Collecting usage statistics. To deactivate, set browser.gatherUsageStats to False.

2023-04-08 03:15:49.994 Port 8080 is already in use

Collecting usage statistics. To deactivate, set browser.gatherUsageStats to False.

2023-04-08 03:16:02.711 Port 8080 is already in use

Collecting usage statistics. To deactivate, set browser.gatherUsageStats to False.

2023-04-08 03:25:43.996 Port 80 is already in use
